<?xml version="1.0" encoding="UTF-8"?>
<!-- Generated by org.testng.reporters.JUnitXMLReporter -->
<testsuite hostname="Dell-Sourabh" ignored="19" tests="5" failures="4" timestamp="26 Jul 2022 17:38:10 GMT" time="0.234" errors="0">
  <testcase name="verifyAllLinksOnDashboard" time="0.018" classname="TestDashboardPage"/>
  <testcase name="verifySignupPage" time="0.141" classname="TestSignupPage">
    <failure type="java.lang.NullPointerException">
      <![CDATA[java.lang.NullPointerException
at java.util.Objects.requireNonNull(Objects.java:203)
at org.openqa.selenium.support.ui.FluentWait.<init>(FluentWait.java:106)
at org.openqa.selenium.support.ui.WebDriverWait.<init>(WebDriverWait.java:85)
at org.openqa.selenium.support.ui.WebDriverWait.<init>(WebDriverWait.java:45)
at Utility.Utility.waitForElement(Utility.java:22)
at Utility.Utility.clickOnElement(Utility.java:45)
at WebPages.HomePage.verifyStartForFreeBtn(HomePage.java:34)
at TestSignupPage.verifySignupPage(TestSignupPage.java:7)
at com.intellij.rt.testng.IDEARemoteTestNG.run(IDEARemoteTestNG.java:66)
at com.intellij.rt.testng.RemoteTestNGStarter.main(RemoteTestNGStarter.java:109)
... Removed 22 stack frames]]>
    </failure>
  </testcase> <!-- verifySignupPage -->
  <testcase name="testHomePage" time="0.001" classname="TestHomePage">
    <failure type="java.lang.NullPointerException">
      <![CDATA[java.lang.NullPointerException
at Utility.Utility.getPageTitle(Utility.java:40)
at WebPages.HomePage.verifyPageTitle(HomePage.java:22)
at TestHomePage.testHomePage(TestHomePage.java:9)
at com.intellij.rt.testng.IDEARemoteTestNG.run(IDEARemoteTestNG.java:66)
at com.intellij.rt.testng.RemoteTestNGStarter.main(RemoteTestNGStarter.java:109)
... Removed 22 stack frames]]>
    </failure>
  </testcase> <!-- testHomePage -->
  <testcase name="testLoginFunctionalityWithInvalidCredentials" time="0.0" classname="TestLoginPage">
    <failure type="java.lang.NullPointerException">
      <![CDATA[java.lang.NullPointerException
at java.util.Objects.requireNonNull(Objects.java:203)
at org.openqa.selenium.support.ui.FluentWait.<init>(FluentWait.java:106)
at org.openqa.selenium.support.ui.WebDriverWait.<init>(WebDriverWait.java:85)
at org.openqa.selenium.support.ui.WebDriverWait.<init>(WebDriverWait.java:45)
at Utility.Utility.waitForElement(Utility.java:22)
at Utility.Utility.clickOnElement(Utility.java:45)
at WebPages.HomePage.verifyStartForFreeBtn(HomePage.java:34)
at TestLoginPage.testLoginFunctionalityWithInvalidCredentials(TestLoginPage.java:32)
at com.intellij.rt.testng.IDEARemoteTestNG.run(IDEARemoteTestNG.java:66)
at com.intellij.rt.testng.RemoteTestNGStarter.main(RemoteTestNGStarter.java:109)
... Removed 22 stack frames]]>
    </failure>
  </testcase> <!-- testLoginFunctionalityWithInvalidCredentials -->
  <testcase name="testLoginFunctionalityWithValidCredentials" time="0.0" classname="TestLoginPage">
    <failure type="java.lang.NullPointerException">
      <![CDATA[java.lang.NullPointerException
at java.util.Objects.requireNonNull(Objects.java:203)
at org.openqa.selenium.support.ui.FluentWait.<init>(FluentWait.java:106)
at org.openqa.selenium.support.ui.WebDriverWait.<init>(WebDriverWait.java:85)
at org.openqa.selenium.support.ui.WebDriverWait.<init>(WebDriverWait.java:45)
at Utility.Utility.waitForElement(Utility.java:22)
at Utility.Utility.enterTextInField(Utility.java:55)
at WebPages.LoginPage.verifyEmailField(LoginPage.java:32)
at TestLoginPage.testLoginFunctionalityWithValidCredentials(TestLoginPage.java:24)
at com.intellij.rt.testng.IDEARemoteTestNG.run(IDEARemoteTestNG.java:66)
at com.intellij.rt.testng.RemoteTestNGStarter.main(RemoteTestNGStarter.java:109)
... Removed 22 stack frames]]>
    </failure>
  </testcase> <!-- testLoginFunctionalityWithValidCredentials -->
  <testcase name="@BeforeSuite setUp" time="0.0" classname="WebPages.TestSetup">
    <ignored/>
  </testcase> <!-- @BeforeSuite setUp -->
  <testcase name="@BeforeSuite setUp" time="0.0" classname="WebPages.TestSetup">
    <ignored/>
  </testcase> <!-- @BeforeSuite setUp -->
  <testcase name="@BeforeSuite setUp" time="0.0" classname="WebPages.TestSetup">
    <ignored/>
  </testcase> <!-- @BeforeSuite setUp -->
  <testcase name="@BeforeSuite setUp" time="0.0" classname="WebPages.TestSetup">
    <ignored/>
  </testcase> <!-- @BeforeSuite setUp -->
  <testcase name="@BeforeSuite setUp" time="0.0" classname="WebPages.TestSetup">
    <ignored/>
  </testcase> <!-- @BeforeSuite setUp -->
  <testcase name="@BeforeSuite setUp" time="0.0" classname="WebPages.TestSetup">
    <ignored/>
  </testcase> <!-- @BeforeSuite setUp -->
  <testcase name="@BeforeSuite setUp" time="0.0" classname="WebPages.TestSetup">
    <ignored/>
  </testcase> <!-- @BeforeSuite setUp -->
  <testcase name="@BeforeSuite setUp" time="0.0" classname="WebPages.TestSetup">
    <ignored/>
  </testcase> <!-- @BeforeSuite setUp -->
  <testcase name="@BeforeSuite setUp" time="0.0" classname="WebPages.TestSetup">
    <ignored/>
  </testcase> <!-- @BeforeSuite setUp -->
  <testcase name="testLoginPageFunctionality" time="0.0" classname="TestLoginPage">
    <ignored/>
  </testcase> <!-- testLoginPageFunctionality -->
  <testcase name="@AfterSuite tearDown" time="0.0" classname="WebPages.TestSetup">
    <ignored/>
  </testcase> <!-- @AfterSuite tearDown -->
  <testcase name="@AfterSuite tearDown" time="0.0" classname="WebPages.TestSetup">
    <ignored/>
  </testcase> <!-- @AfterSuite tearDown -->
  <testcase name="@AfterSuite tearDown" time="0.0" classname="WebPages.TestSetup">
    <ignored/>
  </testcase> <!-- @AfterSuite tearDown -->
  <testcase name="@AfterSuite tearDown" time="0.0" classname="WebPages.TestSetup">
    <ignored/>
  </testcase> <!-- @AfterSuite tearDown -->
  <testcase name="@AfterSuite tearDown" time="0.0" classname="WebPages.TestSetup">
    <ignored/>
  </testcase> <!-- @AfterSuite tearDown -->
  <testcase name="@AfterSuite tearDown" time="0.0" classname="WebPages.TestSetup">
    <ignored/>
  </testcase> <!-- @AfterSuite tearDown -->
  <testcase name="@AfterSuite tearDown" time="0.0" classname="WebPages.TestSetup">
    <ignored/>
  </testcase> <!-- @AfterSuite tearDown -->
  <testcase name="@AfterSuite tearDown" time="0.0" classname="WebPages.TestSetup">
    <ignored/>
  </testcase> <!-- @AfterSuite tearDown -->
  <testcase name="@AfterSuite tearDown" time="0.0" classname="WebPages.TestSetup">
    <ignored/>
  </testcase> <!-- @AfterSuite tearDown -->
</testsuite>
